[2026-07-09T04:10:50.746Z] [Auth] Attempt started. Email: admin@example.com
[2026-07-09T04:10:50.746Z] [Auth] Request Host: localhost:3000
[2026-07-09T04:10:50.747Z] [Auth] Detected local, IP, or Ngrok host. Swapping secretKey to Google test key.
[2026-07-09T04:10:50.747Z] [Auth] Skipping reCAPTCHA verification (no secret key configured).
[2026-07-09T04:10:50.752Z] [Auth] Authenticating against authService for: admin@example.com
[2026-07-09T04:10:50.755Z] [Auth] Authentication failed with error: Invalid credentials
[2026-07-09T04:11:28.104Z] [Auth] Attempt started. Email: admin@example.com
[2026-07-09T04:11:28.105Z] [Auth] Request Host: localhost:3000
[2026-07-09T04:11:28.105Z] [Auth] Detected local, IP, or Ngrok host. Swapping secretKey to Google test key.
[2026-07-09T04:11:28.106Z] [Auth] Skipping reCAPTCHA verification (no secret key configured).
[2026-07-09T04:11:28.110Z] [Auth] Authenticating against authService for: admin@example.com
[2026-07-09T04:11:28.411Z] [Auth] Authentication successful for: admin@example.com. User ID: cmrczol170001uhusthekq9b5
[2026-07-09T04:45:18.686Z] [Auth] Attempt started. Email: admin@example.com
[2026-07-09T04:45:18.687Z] [Auth] Request Host: localhost:3000
[2026-07-09T04:45:18.687Z] [Auth] Detected local, IP, or Ngrok host. Swapping secretKey to Google test key.
[2026-07-09T04:45:18.688Z] [Auth] Skipping reCAPTCHA verification (no secret key configured).
[2026-07-09T04:45:18.697Z] [Auth] Authenticating against authService for: admin@example.com
[2026-07-09T04:45:19.003Z] [Auth] Authentication successful for: admin@example.com. User ID: cmrczol170001uhusthekq9b5
[2026-07-09T04:52:47.868Z] [Auth] Attempt started. Email: admin@example.com
[2026-07-09T04:52:47.868Z] [Auth] Request Host: localhost:3000
[2026-07-09T04:52:47.869Z] [Auth] Detected local, IP, or Ngrok host. Swapping secretKey to Google test key.
[2026-07-09T04:52:47.869Z] [Auth] Skipping reCAPTCHA verification (no secret key configured).
[2026-07-09T04:52:47.877Z] [Auth] Authenticating against authService for: admin@example.com
[2026-07-09T04:52:48.179Z] [Auth] Authentication successful for: admin@example.com. User ID: cmrczol170001uhusthekq9b5
[2026-07-09T09:13:52.549Z] [Auth] Attempt started. Email: admin@example.com
[2026-07-09T09:13:52.549Z] [Auth] Request Host: localhost:3000
[2026-07-09T09:13:52.550Z] [Auth] Detected local, IP, or Ngrok host. Swapping secretKey to Google test key.
[2026-07-09T09:13:52.550Z] [Auth] Skipping reCAPTCHA verification (no secret key configured).
[2026-07-09T09:13:52.559Z] [Auth] Authenticating against authService for: admin@example.com
[2026-07-09T09:13:52.862Z] [Auth] Authentication successful for: admin@example.com. User ID: cmrczol170001uhusthekq9b5
[2026-07-09T10:44:37.461Z] [Auth] Attempt started. Email: admin@example.com
[2026-07-09T10:44:37.461Z] [Auth] Request Host: localhost:3000
[2026-07-09T10:44:37.462Z] [Auth] Detected local, IP, or Ngrok host. Swapping secretKey to Google test key.
[2026-07-09T10:44:37.462Z] [Auth] Skipping reCAPTCHA verification (no secret key configured).
[2026-07-09T10:44:37.469Z] [Auth] Authenticating against authService for: admin@example.com
[2026-07-09T10:44:37.776Z] [Auth] Authentication successful for: admin@example.com. User ID: cmrczol170001uhusthekq9b5
[2026-07-10T09:03:29.963Z] [Auth] Attempt started. Email: manish.yadav@difm.tech
[2026-07-10T09:03:29.964Z] [Auth] Request Host: localhost:3000
[2026-07-10T09:03:29.965Z] [Auth] Detected local, IP, or Ngrok host. Swapping secretKey to Google test key.
[2026-07-10T09:03:29.966Z] [Auth] Skipping reCAPTCHA verification (no secret key configured).
[2026-07-10T09:03:29.999Z] [Auth] Authenticating against authService for: manish.yadav@difm.tech
[2026-07-10T09:03:30.017Z] [Auth] Admin authentication failed, trying frontend auth table for: manish.yadav@difm.tech
[2026-07-10T09:03:30.023Z] [Auth] Frontend user authenticated successfully: manish.yadav@difm.tech
[2026-07-10T09:40:12.048Z] [Auth] Attempt started. Email: manish.yadav@difm.tech
[2026-07-10T09:40:12.049Z] [Auth] Request Host: localhost:3000
[2026-07-10T09:40:12.050Z] [Auth] Detected local, IP, or Ngrok host. Swapping secretKey to Google test key.
[2026-07-10T09:40:12.051Z] [Auth] Skipping reCAPTCHA verification (no secret key configured).
[2026-07-10T09:40:12.086Z] [Auth] Authenticating against authService for: manish.yadav@difm.tech
[2026-07-10T09:40:12.226Z] [Auth] Admin authentication failed, trying frontend auth table for: manish.yadav@difm.tech
[2026-07-10T09:40:12.240Z] [Auth] Frontend user authenticated successfully: manish.yadav@difm.tech
[2026-07-10T10:04:13.073Z] [Auth] Attempt started. Email: manish.yadav@difm.tech
[2026-07-10T10:04:13.075Z] [Auth] Request Host: localhost:3000
[2026-07-10T10:04:13.075Z] [Auth] Detected local, IP, or Ngrok host. Swapping secretKey to Google test key.
[2026-07-10T10:04:13.076Z] [Auth] Skipping reCAPTCHA verification (no secret key configured).
[2026-07-10T10:04:13.098Z] [Auth] Authenticating against authService for: manish.yadav@difm.tech
[2026-07-10T10:04:13.121Z] [Auth] Admin authentication failed, trying frontend auth table for: manish.yadav@difm.tech
[2026-07-10T10:04:13.130Z] [Auth] Frontend user authenticated successfully: manish.yadav@difm.tech
[2026-07-10T10:12:19.485Z] [Auth] Attempt started. Email: manish.yadav@difm.tech
[2026-07-10T10:12:19.486Z] [Auth] Request Host: localhost:3000
[2026-07-10T10:12:19.487Z] [Auth] Detected local, IP, or Ngrok host. Swapping secretKey to Google test key.
[2026-07-10T10:12:19.487Z] [Auth] Skipping reCAPTCHA verification (no secret key configured).
[2026-07-10T10:12:19.517Z] [Auth] Authenticating against authService for: manish.yadav@difm.tech
[2026-07-10T10:12:19.534Z] [Auth] Admin authentication failed, trying frontend auth table for: manish.yadav@difm.tech
[2026-07-10T10:12:19.542Z] [Auth] Frontend user authenticated successfully: manish.yadav@difm.tech
[2026-07-11T06:57:00.547Z] [Auth] Attempt started. Email: abc@c.com
[2026-07-11T06:57:00.551Z] [Auth] Request Host: localhost:3000
[2026-07-11T06:57:00.552Z] [Auth] Detected local, IP, or Ngrok host. Swapping secretKey to Google test key.
[2026-07-11T06:57:00.553Z] [Auth] Token received (length: undefined): empty...
[2026-07-11T06:57:00.553Z] [Auth] Failed: reCAPTCHA token missing
[2026-07-11T06:57:07.305Z] [Auth] Attempt started. Email: abc@c.com
[2026-07-11T06:57:07.306Z] [Auth] Request Host: localhost:3000
[2026-07-11T06:57:07.306Z] [Auth] Detected local, IP, or Ngrok host. Swapping secretKey to Google test key.
[2026-07-11T06:57:07.306Z] [Auth] Token received (length: undefined): empty...
[2026-07-11T06:57:07.307Z] [Auth] Failed: reCAPTCHA token missing
[2026-07-11T06:57:12.097Z] [Auth] Attempt started. Email: abc@c.com
[2026-07-11T06:57:12.097Z] [Auth] Request Host: localhost:3000
[2026-07-11T06:57:12.098Z] [Auth] Detected local, IP, or Ngrok host. Swapping secretKey to Google test key.
[2026-07-11T06:57:12.100Z] [Auth] Token received (length: undefined): empty...
[2026-07-11T06:57:12.101Z] [Auth] Failed: reCAPTCHA token missing
[2026-07-11T06:57:16.178Z] [Auth] Attempt started. Email: abc@c.com
[2026-07-11T06:57:16.178Z] [Auth] Request Host: localhost:3000
[2026-07-11T06:57:16.178Z] [Auth] Detected local, IP, or Ngrok host. Swapping secretKey to Google test key.
[2026-07-11T06:57:16.179Z] [Auth] Token received (length: undefined): empty...
[2026-07-11T06:57:16.179Z] [Auth] Failed: reCAPTCHA token missing
[2026-07-13T06:14:36.442Z] [Auth] Attempt started. Email: admin@example.com
[2026-07-13T06:14:36.443Z] [Auth] Request Host: localhost:3000
[2026-07-13T06:14:36.444Z] [Auth] Detected local, IP, or Ngrok host. Swapping secretKey to Google test key.
[2026-07-13T06:14:36.445Z] [Auth] Skipping reCAPTCHA verification (no secret key configured).
[2026-07-13T06:14:36.467Z] [Auth] Authenticating against authService for: admin@example.com
[2026-07-13T06:14:36.942Z] [Auth] Authentication successful for: admin@example.com. User ID: cmrfzj7vj0001tosc2a7zo1hn
[2026-07-13T08:16:55.803Z] [Auth] Attempt started. Email: admin@example.com
[2026-07-13T08:16:55.807Z] [Auth] Request Host: localhost:3000
[2026-07-13T08:16:55.808Z] [Auth] Detected local, IP, or Ngrok host. Swapping secretKey to Google test key.
[2026-07-13T08:16:55.809Z] [Auth] Skipping reCAPTCHA verification (no secret key configured).
[2026-07-13T08:16:55.827Z] [Auth] Authenticating against authService for: admin@example.com
[2026-07-13T08:16:56.249Z] [Auth] Authentication successful for: admin@example.com. User ID: cmrfzj7vj0001tosc2a7zo1hn
[2026-07-13T11:51:42.785Z] [Auth] Attempt started. Email: admin@example.com
[2026-07-13T11:51:42.790Z] [Auth] Request Host: localhost:3000
[2026-07-13T11:51:42.790Z] [Auth] Detected local, IP, or Ngrok host. Swapping secretKey to Google test key.
[2026-07-13T11:51:42.796Z] [Auth] Skipping reCAPTCHA verification (no secret key configured).
[2026-07-13T11:51:42.811Z] [Auth] Authenticating against authService for: admin@example.com
[2026-07-13T11:51:43.256Z] [Auth] Authentication successful for: admin@example.com. User ID: cmrczol170001uhusthekq9b5
[2026-07-14T03:26:41.245Z] [Auth] Attempt started. Email: admin@example.com
[2026-07-14T03:26:41.249Z] [Auth] Request Host: localhost:3000
[2026-07-14T03:26:41.250Z] [Auth] Detected local, IP, or Ngrok host. Swapping secretKey to Google test key.
[2026-07-14T03:26:41.250Z] [Auth] Skipping reCAPTCHA verification (no secret key configured).
[2026-07-14T03:26:41.272Z] [Auth] Authenticating against authService for: admin@example.com
[2026-07-14T03:26:41.631Z] [Auth] Authentication successful for: admin@example.com. User ID: cmrczol170001uhusthekq9b5
[2026-07-14T04:02:28.241Z] [Auth] Attempt started. Email: admin@example.com
[2026-07-14T04:02:28.242Z] [Auth] Request Host: localhost:3000
[2026-07-14T04:02:28.242Z] [Auth] Detected local, IP, or Ngrok host. Swapping secretKey to Google test key.
[2026-07-14T04:02:28.242Z] [Auth] Skipping reCAPTCHA verification (no secret key configured).
[2026-07-14T04:02:28.252Z] [Auth] Authenticating against authService for: admin@example.com
[2026-07-14T04:02:28.567Z] [Auth] Authentication successful for: admin@example.com. User ID: cmrczol170001uhusthekq9b5
[2026-07-14T05:32:16.040Z] [Auth] Attempt started. Email: admin@example.com
[2026-07-14T05:32:16.041Z] [Auth] Request Host: localhost:3000
[2026-07-14T05:32:16.041Z] [Auth] Detected local, IP, or Ngrok host. Swapping secretKey to Google test key.
[2026-07-14T05:32:16.041Z] [Auth] Skipping reCAPTCHA verification (no secret key configured).
[2026-07-14T05:32:16.050Z] [Auth] Authenticating against authService for: admin@example.com
[2026-07-14T05:32:16.752Z] [Auth] Authentication successful for: admin@example.com. User ID: cmrk7qnf80001uhjktfi634qh
[2026-07-14T09:45:09.546Z] [Auth] Attempt started. Email: uday.verma@difm.tech
[2026-07-14T09:45:09.548Z] [Auth] Request Host: localhost:3000
[2026-07-14T09:45:09.548Z] [Auth] Detected local, IP, Ngrok, or Vercel host. Swapping secretKey to Google test key.
[2026-07-14T09:45:09.549Z] [Auth] Skipping reCAPTCHA verification (no secret key configured).
[2026-07-14T09:45:09.563Z] [Auth] Authenticating against authService for: uday.verma@difm.tech
[2026-07-14T09:45:09.685Z] [Auth] Admin authentication failed, trying frontend auth table for: uday.verma@difm.tech
[2026-07-14T09:45:09.811Z] [Auth] All authentication methods failed for: uday.verma@difm.tech
[2026-07-14T09:45:23.797Z] [Auth] Attempt started. Email: uday.verma@difm.tech
[2026-07-14T09:45:23.798Z] [Auth] Request Host: localhost:3000
[2026-07-14T09:45:23.799Z] [Auth] Detected local, IP, Ngrok, or Vercel host. Swapping secretKey to Google test key.
[2026-07-14T09:45:23.799Z] [Auth] Skipping reCAPTCHA verification (no secret key configured).
[2026-07-14T09:45:23.810Z] [Auth] Authenticating against authService for: uday.verma@difm.tech
[2026-07-14T09:45:23.874Z] [Auth] Admin authentication failed, trying frontend auth table for: uday.verma@difm.tech
[2026-07-14T09:45:23.938Z] [Auth] Frontend user authenticated successfully: uday.verma@difm.tech
[2026-07-14T10:03:45.864Z] [Auth] Attempt started. Email: admin@example.com
[2026-07-14T10:03:45.866Z] [Auth] Request Host: localhost:3000
[2026-07-14T10:03:45.869Z] [Auth] Detected local, IP, Ngrok, or Vercel host. Swapping secretKey to Google test key.
[2026-07-14T10:03:45.871Z] [Auth] Token received (length: 1657): 0cAFcWeA7Acnk2ztFjkznpqbbzJnlV...
[2026-07-14T10:03:45.872Z] [Auth] Sending request to google siteverify (x-www-form-urlencoded POST body)...
[2026-07-14T10:03:46.034Z] [Auth] reCAPTCHA verifyJson: {"success":true,"challenge_ts":"2026-07-14T10:03:47Z","hostname":"testkey.google.com"}
[2026-07-14T10:03:46.035Z] [Auth] Authenticating against authService for: admin@example.com
[2026-07-14T10:03:46.779Z] [Auth] Authentication successful for: admin@example.com. User ID: cmrk7qnf80001uhjktfi634qh
